<?xml version="1.0" encoding="UTF-8"?>
<!-- Generated by org.testng.reporters.JUnitXMLReporter -->
<testsuite ignored="0" hostname="Ifeanyi" failures="0" tests="1" name="AmazonDashboard" time="1.87" errors="0" timestamp="08 Sep 2022 13:45:16 GMT">
  <testcase classname="AmaTests.AmazonDashboard" name="@BeforeTest launchBrowser" time="1.823">
    <failure type="org.openqa.selenium.SessionNotCreatedException" message="session not created: This version of ChromeDriver only supports Chrome version 99
Current browser version is 104.0.5112.102 with binary path C:\Program Files\Google\Chrome\Application\chrome.exe
Build info: version: &amp;apos;3.11.0&amp;apos;, revision: &amp;apos;e59cfb3&amp;apos;, time: &amp;apos;2018-03-11T20:26:55.152Z&amp;apos;
System info: host: &amp;apos;IFEANYI&amp;apos;, ip: &amp;apos;192.168.8.147&amp;apos;, os.name: &amp;apos;Windows 10&amp;apos;, os.arch: &amp;apos;amd64&amp;apos;, os.version: &amp;apos;10.0&amp;apos;, java.version: &amp;apos;15.0.1&amp;apos;
Driver info: driver.version: ChromeDriver
remote stacktrace: Backtrace:
	Ordinal0 [0x00BA9943+2595139]
	Ordinal0 [0x00B3C9F1+2148849]
	Ordinal0 [0x00A34528+1066280]
	Ordinal0 [0x00A542C3+1196739]
	Ordinal0 [0x00A4FE37+1179191]
	Ordinal0 [0x00A4D6F1+1169137]
	Ordinal0 [0x00A80530+1377584]
	Ordinal0 [0x00A8018A+1376650]
	Ordinal0 [0x00A7B806+1357830]
	Ordinal0 [0x00A56086+1204358]
	Ordinal0 [0x00A56F96+1208214]
	GetHandleVerifier [0x00D4B232+1658114]
	GetHandleVerifier [0x00E0312C+2411516]
	GetHandleVerifier [0x00C3F261+560433]
	GetHandleVerifier [0x00C3E366+556598]
	Ordinal0 [0x00B4286B+2173035]
	Ordinal0 [0x00B475F8+2192888]
	Ordinal0 [0x00B476E5+2193125]
	Ordinal0 [0x00B511FC+2232828]
	BaseThreadInitThunk [0x751EFA29+25]
	RtlGetAppContainerNamedObjectPath [0x77367A9E+286]
	RtlGetAppContainerNamedObjectPath [0x77367A6E+238]
">
      <![CDATA[org.openqa.selenium.SessionNotCreatedException: session not created: This version of ChromeDriver only supports Chrome version 99
Current browser version is 104.0.5112.102 with binary path C:\Program Files\Google\Chrome\Application\chrome.exe
Build info: version: '3.11.0', revision: 'e59cfb3', time: '2018-03-11T20:26:55.152Z'
System info: host: 'IFEANYI', ip: '192.168.8.147', os.name: 'Windows 10', os.arch: 'amd64', os.version: '10.0', java.version: '15.0.1'
Driver info: driver.version: ChromeDriver
remote stacktrace: Backtrace:
Ordinal0 [0x00BA9943+2595139]
Ordinal0 [0x00B3C9F1+2148849]
Ordinal0 [0x00A34528+1066280]
Ordinal0 [0x00A542C3+1196739]
Ordinal0 [0x00A4FE37+1179191]
Ordinal0 [0x00A4D6F1+1169137]
Ordinal0 [0x00A80530+1377584]
Ordinal0 [0x00A8018A+1376650]
Ordinal0 [0x00A7B806+1357830]
Ordinal0 [0x00A56086+1204358]
Ordinal0 [0x00A56F96+1208214]
GetHandleVerifier [0x00D4B232+1658114]
GetHandleVerifier [0x00E0312C+2411516]
GetHandleVerifier [0x00C3F261+560433]
GetHandleVerifier [0x00C3E366+556598]
Ordinal0 [0x00B4286B+2173035]
Ordinal0 [0x00B475F8+2192888]
Ordinal0 [0x00B476E5+2193125]
Ordinal0 [0x00B511FC+2232828]
BaseThreadInitThunk [0x751EFA29+25]
RtlGetAppContainerNamedObjectPath [0x77367A9E+286]
RtlGetAppContainerNamedObjectPath [0x77367A6E+238]

at org.openqa.selenium.remote.W3CHandshakeResponse.lambda$new$0(W3CHandshakeResponse.java:57)
at org.openqa.selenium.remote.W3CHandshakeResponse.lambda$getResponseFunction$2(W3CHandshakeResponse.java:104)
at org.openqa.selenium.remote.ProtocolHandshake.lambda$createSession$0(ProtocolHandshake.java:123)
at java.base/java.util.stream.ReferencePipeline$3$1.accept(ReferencePipeline.java:195)
at java.base/java.util.Spliterators$ArraySpliterator.tryAdvance(Spliterators.java:958)
at java.base/java.util.stream.ReferencePipeline.forEachWithCancel(ReferencePipeline.java:127)
at java.base/java.util.stream.AbstractPipeline.copyIntoWithCancel(AbstractPipeline.java:502)
at java.base/java.util.stream.AbstractPipeline.copyInto(AbstractPipeline.java:488)
at java.base/java.util.stream.AbstractPipeline.wrapAndCopyInto(AbstractPipeline.java:474)
at java.base/java.util.stream.FindOps$FindOp.evaluateSequential(FindOps.java:150)
at java.base/java.util.stream.AbstractPipeline.evaluate(AbstractPipeline.java:234)
at java.base/java.util.stream.ReferencePipeline.findFirst(ReferencePipeline.java:543)
at org.openqa.selenium.remote.ProtocolHandshake.createSession(ProtocolHandshake.java:126)
at org.openqa.selenium.remote.ProtocolHandshake.createSession(ProtocolHandshake.java:73)
at org.openqa.selenium.remote.HttpCommandExecutor.execute(HttpCommandExecutor.java:136)
at org.openqa.selenium.remote.service.DriverCommandExecutor.execute(DriverCommandExecutor.java:83)
at org.openqa.selenium.remote.RemoteWebDriver.execute(RemoteWebDriver.java:545)
at org.openqa.selenium.remote.RemoteWebDriver.startSession(RemoteWebDriver.java:209)
at org.openqa.selenium.remote.RemoteWebDriver.<init>(RemoteWebDriver.java:132)
at org.openqa.selenium.chrome.ChromeDriver.<init>(ChromeDriver.java:181)
at org.openqa.selenium.chrome.ChromeDriver.<init>(ChromeDriver.java:168)
at org.openqa.selenium.chrome.ChromeDriver.<init>(ChromeDriver.java:123)
at AmaTests.AmazonDashboard.launchBrowser(AmazonDashboard.java:36)
at java.base/java.util.concurrent.FutureTask.run(FutureTask.java:264)
at java.base/java.util.concurrent.ThreadPoolExecutor.runWorker(ThreadPoolExecutor.java:1130)
at java.base/java.util.concurrent.ThreadPoolExecutor$Worker.run(ThreadPoolExecutor.java:630)
at java.base/java.lang.Thread.run(Thread.java:832)
... Removed 20 stack frames]]>
    </failure>
  </testcase> <!-- @BeforeTest launchBrowser -->
  <testcase classname="AmaTests.AmazonDashboard" name="@AfterClass afterClass" time="0.0">
    <skipped/>
  </testcase> <!-- @AfterClass afterClass -->
  <testcase classname="AmaTests.AmazonDashboard" name="AmazonOperation" time="0.0">
    <skipped/>
  </testcase> <!-- AmazonOperation -->
</testsuite> <!-- AmazonDashboard -->
